<?xml version="1.0" encoding="UTF-8"?>
<!-- Generated by org.testng.reporters.JUnitXMLReporter -->
<testsuite ignored="0" hostname="QT-INBG-LT0402" failures="0" tests="10" name="Test" time="56.068" errors="0" timestamp="2022-08-02T23:43:57 IST">
  <testcase classname="mobileworld.SignIn" name="signIn" time="15.582"/>
  <testcase classname="mobileworld.ContactUs" name="contactus" time="17.414"/>
  <testcase classname="mobileworld.SignIn" name="signIn" time="9.389"/>
  <testcase classname="mobileworld.SignUp" name="signUp" time="25.488"/>
  <testcase classname="mobileworld.ContactUs" name="contactus" time="14.574"/>
  <testcase classname="mobileworld.HomePage" name="homePage" time="32.528"/>
  <testcase classname="mobileworld.SignIn" name="signIn" time="8.738"/>
  <testcase classname="mobileworld.SignUp" name="signUp" time="16.607"/>
  <testcase classname="mobileworld.HomePage" name="homePage" time="16.479"/>
  <testcase classname="mobileworld.SignUp" name="signUp" time="13.85"/>
</testsuite> <!-- Test -->
