<?xml version="1.0" encoding="UTF-8"?>
<testng-results ignored="0" total="1" passed="1" failed="0" skipped="0">
  <reporter-output>
  </reporter-output>
  <suite started-at="2022-08-02T12:15:34 IST" name="Default suite" finished-at="2022-08-02T12:15:49 IST" duration-ms="14799">
    <groups>
    </groups>
    <test started-at="2022-08-02T12:15:34 IST" name="Default test" finished-at="2022-08-02T12:15:49 IST" duration-ms="14799">
      <class name="mobileworld.HomePage">
        <test-method signature="homePage()[pri:0, instance:mobileworld.HomePage@942a29c]" started-at="2022-08-02T12:15:34 IST" name="homePage" finished-at="2022-08-02T12:15:49 IST" duration-ms="14727" status="PASS">
          <reporter-output>
          </reporter-output>
        </test-method> <!-- homePage -->
      </class> <!-- mobileworld.HomePage -->
    </test> <!-- Default test -->
  </suite> <!-- Default suite -->
</testng-results>
