<?xml version="1.0" encoding="UTF-8"?>
<testng-results ignored="0" total="4" passed="4" failed="0" skipped="0">
  <reporter-output>
  </reporter-output>
  <suite started-at="2022-08-02T15:27:29 IST" name="Suite" finished-at="2022-08-02T15:27:53 IST" duration-ms="23875">
    <groups>
    </groups>
    <test started-at="2022-08-02T15:27:29 IST" name="Test" finished-at="2022-08-02T15:27:53 IST" duration-ms="23875">
      <class name="mobileworld.SignIn">
        <test-method signature="signIn()[pri:0, instance:mobileworld.SignIn@4686afc2]" started-at="2022-08-02T15:27:29 IST" name="signIn" finished-at="2022-08-02T15:27:45 IST" duration-ms="15753" status="PASS">
          <reporter-output>
          </reporter-output>
        </test-method> <!-- signIn -->
      </class> <!-- mobileworld.SignIn -->
      <class name="mobileworld.SignUp">
        <test-method signature="signUp()[pri:0, instance:mobileworld.SignUp@229c6181]" started-at="2022-08-02T15:27:29 IST" name="signUp" finished-at="2022-08-02T15:27:49 IST" duration-ms="20377" status="PASS">
          <reporter-output>
          </reporter-output>
        </test-method> <!-- signUp -->
      </class> <!-- mobileworld.SignUp -->
      <class name="mobileworld.HomePage">
        <test-method signature="homePage()[pri:0, instance:mobileworld.HomePage@121314f7]" started-at="2022-08-02T15:27:29 IST" name="homePage" finished-at="2022-08-02T15:27:53 IST" duration-ms="23789" status="PASS">
          <reporter-output>
          </reporter-output>
        </test-method> <!-- homePage -->
      </class> <!-- mobileworld.HomePage -->
      <class name="mobileworld.ContactUs">
        <test-method signature="contactus()[pri:0, instance:mobileworld.ContactUs@1e0b4072]" started-at="2022-08-02T15:27:29 IST" name="contactus" finished-at="2022-08-02T15:27:45 IST" duration-ms="15612" status="PASS">
          <reporter-output>
          </reporter-output>
        </test-method> <!-- contactus -->
      </class> <!-- mobileworld.ContactUs -->
    </test> <!-- Test -->
  </suite> <!-- Suite -->
</testng-results>
