<?xml version="1.0" encoding="UTF-8"?>
<!-- Generated by org.testng.reporters.JUnitXMLReporter -->
<testsuite ignored="0" hostname="QT-INBG-LT0402" failures="0" tests="3" name="Default test" time="21.457" errors="0" timestamp="2022-08-03T09:18:16 IST">
  <testcase classname="mobileworld.SignIn" name="signIn" time="0.988"/>
  <testcase classname="mobileworld.SignIn" name="signIn" time="0.852"/>
  <testcase classname="mobileworld.SignIn" name="signIn" time="0.9"/>
</testsuite> <!-- Default test -->
