<?xml version="1.0" encoding="UTF-8"?>
<!-- Generated by org.testng.reporters.JUnitXMLReporter -->
<testsuite ignored="0" hostname="QT-INBG-LT0402" failures="0" tests="3" name="Default test" time="37.348" errors="0" timestamp="2022-08-03T10:49:08 IST">
  <testcase classname="mobileworld.SignUp" name="signUp" time="6.502"/>
  <testcase classname="mobileworld.SignUp" name="signUp" time="6.889"/>
  <testcase classname="mobileworld.SignUp" name="signUp" time="6.695"/>
</testsuite> <!-- Default test -->
